[2024-08-29T08:48:07.100835+00:00] slim-app.INFO: Users list was viewed. [] {"uid":"eeb347e"}
[2024-08-29T08:48:07.102665+00:00] slim-app.INFO: User of id `1` was viewed. [] {"uid":"13de3e9"}
[2024-09-16T00:09:35.374792+00:00] slim-app.DEBUG: Twig instance: {"twig":"Slim\\Views\\Twig"} {"uid":"83dff74"}
[2024-09-16T00:09:35.376932+00:00] slim-app.DEBUG: Template path: {"path":"show_trigger.html.twig"} {"uid":"83dff74"}
[2024-09-16T00:10:04.156143+00:00] slim-app.DEBUG: Twig instance: {"twig":"Slim\\Views\\Twig"} {"uid":"49150f2"}
[2024-09-16T00:10:04.156382+00:00] slim-app.DEBUG: Template path: {"path":"show_trigger.html.twig"} {"uid":"49150f2"}
[2024-09-16T00:15:56.890177+00:00] slim-app.DEBUG: Twig instance: {"twig":"Slim\\Views\\Twig"} {"uid":"a8b0995"}
[2024-09-16T00:15:56.890703+00:00] slim-app.DEBUG: Template path: {"path":"show_trigger.html.twig"} {"uid":"a8b0995"}
[2024-09-16T00:15:57.510661+00:00] slim-app.DEBUG: Twig instance: {"twig":"Slim\\Views\\Twig"} {"uid":"00a5d28"}
[2024-09-16T00:15:57.510913+00:00] slim-app.DEBUG: Template path: {"path":"show_trigger.html.twig"} {"uid":"00a5d28"}
[2024-09-16T00:18:33.567814+00:00] slim-app.DEBUG: Twig instance: {"twig":"Slim\\Views\\Twig"} {"uid":"0256d78"}
[2024-09-16T00:18:33.569026+00:00] slim-app.DEBUG: Template path: {"path":"show_trigger.html.twig"} {"uid":"0256d78"}
[2024-09-16T00:18:34.142719+00:00] slim-app.DEBUG: Twig instance: {"twig":"Slim\\Views\\Twig"} {"uid":"94b3ac7"}
[2024-09-16T00:18:34.142898+00:00] slim-app.DEBUG: Template path: {"path":"show_trigger.html.twig"} {"uid":"94b3ac7"}
[2024-09-16T00:19:08.758790+00:00] slim-app.DEBUG: Twig instance: {"twig":"Slim\\Views\\Twig"} {"uid":"e3f4864"}
[2024-09-16T00:19:08.759051+00:00] slim-app.DEBUG: Template path: {"path":"show_trigger.html.twig"} {"uid":"e3f4864"}
[2024-09-16T00:19:09.342677+00:00] slim-app.DEBUG: Twig instance: {"twig":"Slim\\Views\\Twig"} {"uid":"9d4b041"}
[2024-09-16T00:19:09.342858+00:00] slim-app.DEBUG: Template path: {"path":"show_trigger.html.twig"} {"uid":"9d4b041"}
[2024-09-16T00:20:10.754097+00:00] slim-app.DEBUG: Twig instance: {"twig":"Slim\\Views\\Twig"} {"uid":"d1638de"}
[2024-09-16T00:20:10.754208+00:00] slim-app.DEBUG: Template path: {"path":"show_trigger.html.twig"} {"uid":"d1638de"}
[2024-09-16T00:20:11.312319+00:00] slim-app.DEBUG: Twig instance: {"twig":"Slim\\Views\\Twig"} {"uid":"634c60c"}
[2024-09-16T00:20:11.312508+00:00] slim-app.DEBUG: Template path: {"path":"show_trigger.html.twig"} {"uid":"634c60c"}
[2024-09-16T00:20:11.565537+00:00] slim-app.DEBUG: Twig instance: {"twig":"Slim\\Views\\Twig"} {"uid":"3320572"}
[2024-09-16T00:20:11.565819+00:00] slim-app.DEBUG: Template path: {"path":"show_trigger.html.twig"} {"uid":"3320572"}
[2024-09-16T02:31:18.126847+00:00] slim-app.DEBUG: Twig instance: {"twig":"Slim\\Views\\Twig"} {"uid":"eb2f738"}
[2024-09-16T02:31:18.128249+00:00] slim-app.DEBUG: Template path: {"path":"show_trigger.html.twig"} {"uid":"eb2f738"}
[2024-09-16T02:31:55.626486+00:00] slim-app.DEBUG: Twig instance: {"twig":"Slim\\Views\\Twig"} {"uid":"226eb6a"}
[2024-09-16T02:31:55.627587+00:00] slim-app.DEBUG: Template path: {"path":"show_trigger.html.twig"} {"uid":"226eb6a"}
[2024-09-16T02:31:57.690478+00:00] slim-app.DEBUG: Twig instance: {"twig":"Slim\\Views\\Twig"} {"uid":"ef3319d"}
[2024-09-16T02:31:57.690645+00:00] slim-app.DEBUG: Template path: {"path":"show_trigger.html.twig"} {"uid":"ef3319d"}
[2024-09-16T02:32:40.290388+00:00] slim-app.DEBUG: Twig instance: {"twig":"Slim\\Views\\Twig"} {"uid":"4286aa2"}
[2024-09-16T02:32:40.290911+00:00] slim-app.DEBUG: Template path: {"path":"show_trigger.html.twig"} {"uid":"4286aa2"}
[2024-09-16T02:34:05.278567+00:00] slim-app.DEBUG: Twig instance: {"twig":"Slim\\Views\\Twig"} {"uid":"3c4b046"}
[2024-09-16T02:34:05.278825+00:00] slim-app.DEBUG: Template path: {"path":"show_trigger.html.twig"} {"uid":"3c4b046"}
[2024-09-16T02:34:08.460244+00:00] slim-app.DEBUG: Twig instance: {"twig":"Slim\\Views\\Twig"} {"uid":"b3291c8"}
[2024-09-16T02:34:08.460435+00:00] slim-app.DEBUG: Template path: {"path":"show_trigger.html.twig"} {"uid":"b3291c8"}
[2024-09-16T02:34:13.136633+00:00] slim-app.DEBUG: Twig instance: {"twig":"Slim\\Views\\Twig"} {"uid":"def0510"}
[2024-09-16T02:34:13.136856+00:00] slim-app.DEBUG: Template path: {"path":"show_trigger.html.twig"} {"uid":"def0510"}
[2024-09-16T02:34:22.479059+00:00] slim-app.DEBUG: Twig instance: {"twig":"Slim\\Views\\Twig"} {"uid":"e959254"}
[2024-09-16T02:34:22.479173+00:00] slim-app.DEBUG: Template path: {"path":"show_trigger.html.twig"} {"uid":"e959254"}
[2024-09-16T02:40:11.035538+00:00] slim-app.DEBUG: Twig instance: {"twig":"Slim\\Views\\Twig"} {"uid":"e49dc6d"}
[2024-09-16T02:40:11.036674+00:00] slim-app.DEBUG: Template path: {"path":"show_trigger.html.twig"} {"uid":"e49dc6d"}
[2024-09-16T02:40:15.770151+00:00] slim-app.DEBUG: Twig instance: {"twig":"Slim\\Views\\Twig"} {"uid":"a2eda84"}
[2024-09-16T02:40:15.770336+00:00] slim-app.DEBUG: Template path: {"path":"show_trigger.html.twig"} {"uid":"a2eda84"}
[2024-09-16T02:40:18.986672+00:00] slim-app.DEBUG: Twig instance: {"twig":"Slim\\Views\\Twig"} {"uid":"88c8b96"}
[2024-09-16T02:40:18.986858+00:00] slim-app.DEBUG: Template path: {"path":"show_trigger.html.twig"} {"uid":"88c8b96"}
[2024-09-16T02:41:17.298800+00:00] slim-app.DEBUG: Twig instance: {"twig":"Slim\\Views\\Twig"} {"uid":"731e8ad"}
[2024-09-16T02:41:17.299923+00:00] slim-app.DEBUG: Template path: {"path":"show_trigger.html.twig"} {"uid":"731e8ad"}
[2024-09-16T02:41:26.753478+00:00] slim-app.DEBUG: Twig instance: {"twig":"Slim\\Views\\Twig"} {"uid":"b0fabae"}
[2024-09-16T02:41:26.753696+00:00] slim-app.DEBUG: Template path: {"path":"show_trigger.html.twig"} {"uid":"b0fabae"}
[2024-09-16T02:42:07.007318+00:00] slim-app.DEBUG: Twig instance: {"twig":"Slim\\Views\\Twig"} {"uid":"d020da9"}
[2024-09-16T02:42:07.010263+00:00] slim-app.DEBUG: Template path: {"path":"show_trigger.html.twig"} {"uid":"d020da9"}
[2024-09-16T02:42:19.626268+00:00] slim-app.DEBUG: Twig instance: {"twig":"Slim\\Views\\Twig"} {"uid":"d37f0bf"}
[2024-09-16T02:42:19.626470+00:00] slim-app.DEBUG: Template path: {"path":"show_trigger.html.twig"} {"uid":"d37f0bf"}
[2024-09-16T02:46:54.882858+00:00] slim-app.DEBUG: Twig instance: {"twig":"Slim\\Views\\Twig"} {"uid":"e10bb4d"}
[2024-09-16T02:46:54.883417+00:00] slim-app.DEBUG: Template path: {"path":"show_trigger.html.twig"} {"uid":"e10bb4d"}
[2024-09-16T02:50:46.600670+00:00] slim-app.DEBUG: Twig instance: {"twig":"Slim\\Views\\Twig"} {"uid":"55c6a46"}
[2024-09-16T02:50:46.601766+00:00] slim-app.DEBUG: Template path: {"path":"show_trigger.html.twig"} {"uid":"55c6a46"}
[2024-09-16T02:51:14.906915+00:00] slim-app.DEBUG: Twig instance: {"twig":"Slim\\Views\\Twig"} {"uid":"48a44f2"}
[2024-09-16T02:51:14.907989+00:00] slim-app.DEBUG: Template path: {"path":"show_trigger.html.twig"} {"uid":"48a44f2"}
[2024-09-16T02:51:26.966650+00:00] slim-app.DEBUG: Twig instance: {"twig":"Slim\\Views\\Twig"} {"uid":"601880e"}
[2024-09-16T02:51:26.966852+00:00] slim-app.DEBUG: Template path: {"path":"show_trigger.html.twig"} {"uid":"601880e"}
[2024-09-16T02:51:29.652003+00:00] slim-app.DEBUG: Twig instance: {"twig":"Slim\\Views\\Twig"} {"uid":"133eb76"}
[2024-09-16T02:51:29.652212+00:00] slim-app.DEBUG: Template path: {"path":"show_trigger.html.twig"} {"uid":"133eb76"}
[2024-09-16T02:51:31.996549+00:00] slim-app.DEBUG: Twig instance: {"twig":"Slim\\Views\\Twig"} {"uid":"aff9413"}
[2024-09-16T02:51:31.996638+00:00] slim-app.DEBUG: Template path: {"path":"show_trigger.html.twig"} {"uid":"aff9413"}
[2024-09-16T04:56:09.971439+00:00] slim-app.DEBUG: trigger_id:Array [] {"uid":"6774cfa"}
